<?xml version="1.0" encoding="UTF-8"?>
<testsuite name="com.phptravels.tests.runners.retoPhpTravelsRunner" tests="0" skipped="0" failures="0" errors="0" timestamp="1970-01-01T00:00:00" hostname="QV-3579" time="0.0">
  <properties/>
  <system-out><![CDATA[
?[31mFailed scenarios:?[0m
?[31msrc/test/resources/features/retoPhpTravels.feature:4 ?[0m# Full phptravels

1 Scenarios (?[31m1 failed?[0m)
3 Steps (?[31m1 failed?[0m, ?[36m2 skipped?[0m)
0m1,881s

java.lang.AssertionError: Undefined default URL for page object PageObject
	at net.serenitybdd.core.pages.PageUrls.verified(PageUrls.java:80)
	at net.serenitybdd.core.pages.PageUrls.getStartingUrl(PageUrls.java:58)
	at net.serenitybdd.core.pages.PageObject.open(PageObject.java:802)
	at net.serenitybdd.core.pages.PageObject.open(PageObject.java:791)
	at com.phptravels.automation.steps.PhpTravelsPageSteps.openBrowser(PhpTravelsPageSteps.java:15)
	at com.phptravels.automation.steps.PhpTravelsPageSteps$$EnhancerByCGLIB$$c5e04097.CGLIB$openBrowser$1(<generated>)
	at com.phptravels.automation.steps.PhpTravelsPageSteps$$EnhancerByCGLIB$$c5e04097$$FastClassByCGLIB$$cab527c4.invoke(<generated>)
	at net.sf.cglib.proxy.MethodProxy.invokeSuper(MethodProxy.java:228)
	at net.thucydides.core.steps.StepInterceptor.invokeMethod(StepInterceptor.java:460)
	at net.thucydides.core.steps.StepInterceptor.executeTestStepMethod(StepInterceptor.java:445)
	at net.thucydides.core.steps.StepInterceptor.runTestStep(StepInterceptor.java:420)
	at net.thucydides.core.steps.StepInterceptor.runOrSkipMethod(StepInterceptor.java:175)
	at net.thucydides.core.steps.StepInterceptor.testStepResult(StepInterceptor.java:162)
	at net.thucydides.core.steps.StepInterceptor.intercept(StepInterceptor.java:68)
	at com.phptravels.automation.steps.PhpTravelsPageSteps$$EnhancerByCGLIB$$c5e04097.openBrowser(<generated>)
	at com.phptravels.tests.stepdefinitions.retoPhpTravelsStepDefinitions.thatAUserWantsToEnterThePhptravelsPage(retoPhpTravelsStepDefinitions.java:15)
	at ?.that a user wants to enter the phptravels page(src/test/resources/features/retoPhpTravels.feature:5)

]]></system-out>
  <system-err><![CDATA[[Test worker] INFO net.thucydides.core.steps.ConsoleLoggingListener - 

-------------------------------------------------------------------------------------
     _______. _______ .______       _______ .__   __.  __  .___________.____    ____ 
    /       ||   ____||   _  \     |   ____||  \ |  | |  | |           |\   \  /   / 
   |   (----`|  |__   |  |_)  |    |  |__   |   \|  | |  | `---|  |----` \   \/   /  
    \   \    |   __|  |      /     |   __|  |  . `  | |  |     |  |       \_    _/   
.----)   |   |  |____ |  |\  \----.|  |____ |  |\   | |  |     |  |         |  |     
|_______/    |_______|| _| `._____||_______||__| \__| |__|     |__|         |__|    
                                                                                     
 News and tutorials at http://www.serenity-bdd.info                                  
 Documentation at https://wakaleo.gitbooks.io/the-serenity-book/content/             
 Join the Serenity Community on Rocket Chat at https://serenity-bdd.rocket.chat      
 Serenity BDD Support and Training at http://serenity-bdd.info/#/trainingandsupport  
 Learn Serenity BDD online at http://serenity-dojo.com                               
-------------------------------------------------------------------------------------

[Test worker] INFO net.thucydides.core.steps.ConsoleLoggingListener - Test Suite Started: Reto phptravels
[Test worker] INFO net.thucydides.core.steps.ConsoleLoggingListener - 
 _____ _____ ____ _____   ____ _____  _    ____ _____ _____ ____  
|_   _| ____/ ___|_   _| / ___|_   _|/ \  |  _ \_   _| ____|  _ \ 
  | | |  _| \___ \ | |   \___ \ | | / _ \ | |_) || | |  _| | | | |
  | | | |___ ___) || |    ___) || |/ ___ \|  _ < | | | |___| |_| |
  |_| |_____|____/ |_|   |____/ |_/_/   \_\_| \_\|_| |_____|____/ 
                                                                  

TEST STARTED: Full phptravels
-------------------------------------------------------------------(reto-phptravels;full-phptravels)
]]></system-err>
</testsuite>
